<?xml version="1.0" encoding="UTF-8"?>
<testng-results ignored="0" total="1" passed="1" failed="0" skipped="0">
  <reporter-output>
  </reporter-output>
  <suite started-at="2022-06-13T20:58:35 IST" name="Default suite" finished-at="2022-06-13T20:58:45 IST" duration-ms="9880">
    <groups>
    </groups>
    <test started-at="2022-06-13T20:58:35 IST" name="Default test" finished-at="2022-06-13T20:58:45 IST" duration-ms="9880">
      <class name="studentApiTest.GetAPITests">
        <test-method is-config="true" signature="baseTest()[pri:0, instance:studentApiTest.GetAPITests@13acb0d1]" started-at="2022-06-13T20:58:41 IST" name="baseTest" finished-at="2022-06-13T20:58:42 IST" duration-ms="843" status="PASS">
          <reporter-output>
          </reporter-output>
        </test-method> <!-- baseTest -->
        <test-method signature="getAPITest()[pri:0, instance:studentApiTest.GetAPITests@13acb0d1]" started-at="2022-06-13T20:58:42 IST" name="getAPITest" finished-at="2022-06-13T20:58:45 IST" duration-ms="3534" status="PASS">
          <reporter-output>
          </reporter-output>
        </test-method> <!-- getAPITest -->
      </class> <!-- studentApiTest.GetAPITests -->
    </test> <!-- Default test -->
  </suite> <!-- Default suite -->
</testng-results>
